Using pre-set license
Built from '2021.3/staging' branch; Version is '2021.3.10f1 (1c7d0df0160b) revision 1867021'; Using compiler version '192829333'; Build Type 'Release'
OS: 'Windows 10  (10.0.19045) 64bit CoreSingleLanguage' Language: 'ru' Physical Memory: 8075 MB
BatchMode: 1, IsHumanControllingUs: 0, StartBugReporterOnCrash: 0, Is64bit: 1, IsPro: 1

COMMAND LINE ARGUMENTS:
C:\Program Files\Unity\Hub\Editor\2021.3.10f1\Editor\Unity.exe
-adb2
-batchMode
-noUpm
-name
AssetImportWorker2
-projectPath
C:/Users/Roman/Desktop/project2
-logFile
Logs/AssetImportWorker2.log
-srvPort
59517
Successfully changed project path to: C:/Users/Roman/Desktop/project2
C:/Users/Roman/Desktop/project2
[UnityMemory] Configuration Parameters - Can be set up in boot.config
    "memorysetup-bucket-allocator-granularity=16"
    "memorysetup-bucket-allocator-bucket-count=8"
    "memorysetup-bucket-allocator-block-size=33554432"
    "memorysetup-bucket-allocator-block-count=8"
    "memorysetup-main-allocator-block-size=16777216"
    "memorysetup-thread-allocator-block-size=16777216"
    "memorysetup-gfx-main-allocator-block-size=16777216"
    "memorysetup-gfx-thread-allocator-block-size=16777216"
    "memorysetup-cache-allocator-block-size=4194304"
    "memorysetup-typetree-allocator-block-size=2097152"
    "memorysetup-profiler-bucket-allocator-granularity=16"
    "memorysetup-profiler-bucket-allocator-bucket-count=8"
    "memorysetup-profiler-bucket-allocator-block-size=33554432"
    "memorysetup-profiler-bucket-allocator-block-count=8"
    "memorysetup-profiler-allocator-block-size=16777216"
    "memorysetup-profiler-editor-allocator-block-size=1048576"
    "memorysetup-temp-allocator-size-main=16777216"
    "memorysetup-job-temp-allocator-block-size=2097152"
    "memorysetup-job-temp-allocator-block-size-background=1048576"
    "memorysetup-job-temp-allocator-reduction-small-platforms=262144"
    "memorysetup-temp-allocator-size-background-worker=32768"
    "memorysetup-temp-allocator-size-job-worker=262144"
    "memorysetup-temp-allocator-size-preload-manager=33554432"
    "memorysetup-temp-allocator-size-nav-mesh-worker=65536"
    "memorysetup-temp-allocator-size-audio-worker=65536"
    "memorysetup-temp-allocator-size-cloud-worker=32768"
    "memorysetup-temp-allocator-size-gi-baking-worker=262144"
    "memorysetup-temp-allocator-size-gfx=262144"
Refreshing native plugins compatible for Editor in 264.52 ms, found 3 plugins.
Preloading 0 native plugins for Editor in 0.00 ms.
Initialize engine version: 2021.3.10f1 (1c7d0df0160b)
[Subsystems] Discovering subsystems at path C:/Program Files/Unity/Hub/Editor/2021.3.10f1/Editor/Data/Resources/UnitySubsystems
[Subsystems] Discovering subsystems at path C:/Users/Roman/Desktop/project2/Assets
GfxDevice: creating device client; threaded=0; jobified=0
Direct3D:
    Version:  Direct3D 11.0 [level 11.1]
    Renderer: NVIDIA GeForce GTX 1050 (ID=0x1c8d)
    Vendor:   NVIDIA
    VRAM:     1977 MB
    Driver:   27.21.14.5671
Initialize mono
Mono path[0] = 'C:/Program Files/Unity/Hub/Editor/2021.3.10f1/Editor/Data/Managed'
Mono path[1] = 'C:/Program Files/Unity/Hub/Editor/2021.3.10f1/Editor/Data/MonoBleedingEdge/lib/mono/unityjit-win32'
Mono config path = 'C:/Program Files/Unity/Hub/Editor/2021.3.10f1/Editor/Data/MonoBleedingEdge/etc'
Using monoOptions --debugger-agent=transport=dt_socket,embedding=1,server=y,suspend=n,address=127.0.0.1:56976
Begin MonoManager ReloadAssembly
Registering precompiled unity dll's ...
Register platform support module: C:/Program Files/Unity/Hub/Editor/2021.3.10f1/Editor/Data/PlaybackEngines/WindowsStandaloneSupport/UnityEditor.WindowsStandalone.Extensions.dll
Registered in 0.012650 seconds.
Native extension for WindowsStandalone target not found
Refreshing native plugins compatible for Editor in 159.21 ms, found 3 plugins.
Preloading 0 native plugins for Editor in 0.00 ms.
Mono: successfully reloaded assembly
- Completed reload, in  1.058 seconds
Domain Reload Profiling:
	ReloadAssembly (1059ms)
		BeginReloadAssembly (136ms)
			ExecutionOrderSort (0ms)
			DisableScriptedObjects (0ms)
			BackupInstance (0ms)
			ReleaseScriptingObjects (0ms)
			CreateAndSetChildDomain (1ms)
		EndReloadAssembly (722ms)
			LoadAssemblies (132ms)
			RebuildTransferFunctionScriptingTraits (0ms)
			SetupTypeCache (166ms)
			ReleaseScriptCaches (0ms)
			RebuildScriptCaches (44ms)
			SetupLoadedEditorAssemblies (431ms)
				LogAssemblyErrors (0ms)
				InitializePlatformSupportModulesInManaged (12ms)
				SetLoadedEditorAssemblies (0ms)
				RefreshPlugins (159ms)
				BeforeProcessingInitializeOnLoad (2ms)
				ProcessInitializeOnLoadAttributes (185ms)
				ProcessInitializeOnLoadMethodAttributes (71ms)
				AfterProcessingInitializeOnLoad (0ms)
				EditorAssembliesLoaded (0ms)
			ExecutionOrderSort2 (0ms)
			AwakeInstancesAfterBackupRestoration (0ms)
Platform modules already initialized, skipping
Registering precompiled user dll's ...
Registered in 0.013643 seconds.
Begin MonoManager ReloadAssembly
Symbol file LoadedFromMemory doesn't match image C:\Users\Roman\Desktop\project2\Library\PackageCache\com.unity.visualscripting@1.7.8\Editor\VisualScripting.Core\Dependencies\YamlDotNet\Unity.VisualScripting.YamlDotNet.dll
Symbol file LoadedFromMemory doesn't match image C:\Users\Roman\Desktop\project2\Library\PackageCache\com.unity.visualscripting@1.7.8\Editor\VisualScripting.Core\Dependencies\DotNetZip\Unity.VisualScripting.IonicZip.dll
Native extension for WindowsStandalone target not found
Refreshing native plugins compatible for Editor in 1.19 ms, found 3 plugins.
Preloading 0 native plugins for Editor in 0.00 ms.
Mono: successfully reloaded assembly
- Completed reload, in  1.598 seconds
Domain Reload Profiling:
	ReloadAssembly (1599ms)
		BeginReloadAssembly (171ms)
			ExecutionOrderSort (0ms)
			DisableScriptedObjects (10ms)
			BackupInstance (0ms)
			ReleaseScriptingObjects (0ms)
			CreateAndSetChildDomain (27ms)
		EndReloadAssembly (1250ms)
			LoadAssemblies (121ms)
			RebuildTransferFunctionScriptingTraits (0ms)
			SetupTypeCache (403ms)
			ReleaseScriptCaches (1ms)
			RebuildScriptCaches (82ms)
			SetupLoadedEditorAssemblies (579ms)
				LogAssemblyErrors (0ms)
				InitializePlatformSupportModulesInManaged (9ms)
				SetLoadedEditorAssemblies (1ms)
				RefreshPlugins (1ms)
				BeforeProcessingInitializeOnLoad (135ms)
				ProcessInitializeOnLoadAttributes (377ms)
				ProcessInitializeOnLoadMethodAttributes (42ms)
				AfterProcessingInitializeOnLoad (13ms)
				EditorAssembliesLoaded (0ms)
			ExecutionOrderSort2 (0ms)
			AwakeInstancesAfterBackupRestoration (10ms)
Platform modules already initialized, skipping
========================================================================
Worker process is ready to serve import requests
Launched and connected shader compiler UnityShaderCompiler.exe after 0.06 seconds
Refreshing native plugins compatible for Editor in 1.50 ms, found 3 plugins.
Preloading 0 native plugins for Editor in 0.00 ms.
Unloading 3634 Unused Serialized files (Serialized files now loaded: 0)
Unloading 27 unused Assets / (118.9 KB). Loaded Objects now: 4111.
Memory consumption went from 143.7 MB to 143.6 MB.
Total: 4.274600 ms (FindLiveObjects: 0.383400 ms CreateObjectMapping: 0.331400 ms MarkObjects: 3.407000 ms  DeleteObjects: 0.151600 ms)

AssetImportParameters requested are different than current active one (requested -> active):
  custom:video-decoder-ogg-theora: a1e56fd34408186e4bbccfd4996cb3dc -> 
  custom:container-muxer-webm: aa71ff27fc2769a1b78a27578f13a17b -> 
  custom:container-demuxer-webm: 4f35f7cbe854078d1ac9338744f61a02 -> 
  custom:video-encoder-webm-vp8: eb34c28f22e8b96e1ab97ce403110664 -> 
  custom:audio-encoder-webm-vorbis: bf7c407c2cedff20999df2af8eb42d56 -> 
  custom:framework-win-MediaFoundation: 216162199b28c13a410421893ffa2e32 -> 
  custom:container-demuxer-ogg: 62fdf1f143b41e24485cea50d1cbac27 -> 
  custom:video-decoder-webm-vp8: 9c59270c3fd7afecdb556c50c9e8de78 -> 
  custom:audio-decoder-ogg-vorbis: bf7c407c2cedff20999df2af8eb42d56 -> 
========================================================================
Received Import Request.
  Time since last request: 244599.907440 seconds.
  path: Assets/Santuary
  artifactKey: Guid(b983b5f61a601aa4593d2ffb794837df) Importer(815301076,1909f56bfc062723c751e8b465ee728b)
Start importing Assets/Santuary using Guid(b983b5f61a601aa4593d2ffb794837df) Importer(815301076,1909f56bfc062723c751e8b465ee728b)  -> (artifact id: '2562b822296651c755d1d401a50acdd3') in 0.019001 seconds 
========================================================================
Received Import Request.
  Time since last request: 4.248415 seconds.
  path: Assets/Scripts
  artifactKey: Guid(06e64852cdf034544b152ff5195ab2e2) Importer(815301076,1909f56bfc062723c751e8b465ee728b)
Start importing Assets/Scripts using Guid(06e64852cdf034544b152ff5195ab2e2) Importer(815301076,1909f56bfc062723c751e8b465ee728b)  -> (artifact id: 'ca2ad358b7279407b15e67e28ab49c89') in 0.013124 seconds 
========================================================================
Received Import Request.
  Time since last request: 3.247995 seconds.
  path: Assets/Standard Assets
  artifactKey: Guid(e420f7794a8599d41a4e4cd3b51e054b) Importer(815301076,1909f56bfc062723c751e8b465ee728b)
Start importing Assets/Standard Assets using Guid(e420f7794a8599d41a4e4cd3b51e054b) Importer(815301076,1909f56bfc062723c751e8b465ee728b)  -> (artifact id: '85d9cb5bd808e556035c2092fcfcbe9a') in 0.021725 seconds 
========================================================================
Received Import Request.
  Time since last request: 2.252459 seconds.
  path: Assets/Standard Assets/Characters
  artifactKey: Guid(8c32f58513a41ef4dab9cb7704c5fb92) Importer(815301076,1909f56bfc062723c751e8b465ee728b)
Start importing Assets/Standard Assets/Characters using Guid(8c32f58513a41ef4dab9cb7704c5fb92) Importer(815301076,1909f56bfc062723c751e8b465ee728b)  -> (artifact id: '6962ea67b18081565eb34f46815008e6') in 0.014672 seconds 
========================================================================
Received Import Request.
  Time since last request: 14.233503 seconds.
  path: Assets/Level 1 Monster Pack
  artifactKey: Guid(aee406924ea09b243ac5c872aa7d5a74) Importer(815301076,1909f56bfc062723c751e8b465ee728b)
Start importing Assets/Level 1 Monster Pack using Guid(aee406924ea09b243ac5c872aa7d5a74) Importer(815301076,1909f56bfc062723c751e8b465ee728b)  -> (artifact id: '51f63d07e5fe09453cc4d56244bbefa6') in 0.011030 seconds 
========================================================================
Received Import Request.
  Time since last request: 2.138775 seconds.
  path: Assets/Level 1 Monster Pack/Prefabs
  artifactKey: Guid(06463b90c7e26b845a7e5802ef0d47b9) Importer(815301076,1909f56bfc062723c751e8b465ee728b)
Start importing Assets/Level 1 Monster Pack/Prefabs using Guid(06463b90c7e26b845a7e5802ef0d47b9) Importer(815301076,1909f56bfc062723c751e8b465ee728b)  -> (artifact id: 'c68ecc4ae4cc8def37fd523d7b71f004') in 0.013658 seconds 
========================================================================
Received Import Request.
  Time since last request: 2.429922 seconds.
  path: Assets/Level 1 Monster Pack/Prefabs/Rabbit
  artifactKey: Guid(9283dcad2364dcb49adede053c826aa6) Importer(815301076,1909f56bfc062723c751e8b465ee728b)
Start importing Assets/Level 1 Monster Pack/Prefabs/Rabbit using Guid(9283dcad2364dcb49adede053c826aa6) Importer(815301076,1909f56bfc062723c751e8b465ee728b)  -> (artifact id: 'd297dc30899ff60c8bfc673328121e47') in 0.012271 seconds 
========================================================================
Received Import Request.
  Time since last request: 0.072094 seconds.
  path: Assets/Level 1 Monster Pack/Prefabs/Rabbit/Rabbit_Cyan.prefab
  artifactKey: Guid(f3e92f0e6c7c8724b98eded63b438981) Importer(815301076,1909f56bfc062723c751e8b465ee728b)
Start importing Assets/Level 1 Monster Pack/Prefabs/Rabbit/Rabbit_Cyan.prefab using Guid(f3e92f0e6c7c8724b98eded63b438981) Importer(815301076,1909f56bfc062723c751e8b465ee728b)  -> (artifact id: 'd2932f0e321a0c424f917187a2852770') in 0.249586 seconds 
========================================================================
Received Import Request.
  Time since last request: 13.416229 seconds.
  path: Assets/Level 1 Monster Pack/Prefabs/Slime
  artifactKey: Guid(61789b61aea9a3940aaf0f0701f7e82f) Importer(815301076,1909f56bfc062723c751e8b465ee728b)
Start importing Assets/Level 1 Monster Pack/Prefabs/Slime using Guid(61789b61aea9a3940aaf0f0701f7e82f) Importer(815301076,1909f56bfc062723c751e8b465ee728b)  -> (artifact id: '1c204424771624b0a0a319a8109e5278') in 0.012883 seconds 
========================================================================
Received Import Request.
  Time since last request: 0.065649 seconds.
  path: Assets/Level 1 Monster Pack/Prefabs/Slime/Slime_Blue.prefab
  artifactKey: Guid(9aad9de7cbca6d84b82891c3a1e63e34) Importer(815301076,1909f56bfc062723c751e8b465ee728b)
Start importing Assets/Level 1 Monster Pack/Prefabs/Slime/Slime_Blue.prefab using Guid(9aad9de7cbca6d84b82891c3a1e63e34) Importer(815301076,1909f56bfc062723c751e8b465ee728b)  -> (artifact id: '6c9032b8b19f170a6e9f43067e8049c5') in 0.099898 seconds 
Editor requested this worker to shutdown with reason: Scaling down because of idle timeout
AssetImportWorker is now disconnected from the server
Process exiting
Exiting without the bug reporter. Application will terminate with return code 0