Using pre-set license
Built from '2021.3/staging' branch; Version is '2021.3.10f1 (1c7d0df0160b) revision 1867021'; Using compiler version '192829333'; Build Type 'Release'
OS: 'Windows 10  (10.0.19045) 64bit CoreSingleLanguage' Language: 'ru' Physical Memory: 8075 MB
BatchMode: 1, IsHumanControllingUs: 0, StartBugReporterOnCrash: 0, Is64bit: 1, IsPro: 1

COMMAND LINE ARGUMENTS:
C:\Program Files\Unity\Hub\Editor\2021.3.10f1\Editor\Unity.exe
-adb2
-batchMode
-noUpm
-name
AssetImportWorker1
-projectPath
C:/Users/Roman/Desktop/GarikPot
-logFile
Logs/AssetImportWorker1.log
-srvPort
54609
Successfully changed project path to: C:/Users/Roman/Desktop/GarikPot
C:/Users/Roman/Desktop/GarikPot
[UnityMemory] Configuration Parameters - Can be set up in boot.config
    "memorysetup-bucket-allocator-granularity=16"
    "memorysetup-bucket-allocator-bucket-count=8"
    "memorysetup-bucket-allocator-block-size=33554432"
    "memorysetup-bucket-allocator-block-count=8"
    "memorysetup-main-allocator-block-size=16777216"
    "memorysetup-thread-allocator-block-size=16777216"
    "memorysetup-gfx-main-allocator-block-size=16777216"
    "memorysetup-gfx-thread-allocator-block-size=16777216"
    "memorysetup-cache-allocator-block-size=4194304"
    "memorysetup-typetree-allocator-block-size=2097152"
    "memorysetup-profiler-bucket-allocator-granularity=16"
    "memorysetup-profiler-bucket-allocator-bucket-count=8"
    "memorysetup-profiler-bucket-allocator-block-size=33554432"
    "memorysetup-profiler-bucket-allocator-block-count=8"
    "memorysetup-profiler-allocator-block-size=16777216"
    "memorysetup-profiler-editor-allocator-block-size=1048576"
    "memorysetup-temp-allocator-size-main=16777216"
    "memorysetup-job-temp-allocator-block-size=2097152"
    "memorysetup-job-temp-allocator-block-size-background=1048576"
    "memorysetup-job-temp-allocator-reduction-small-platforms=262144"
    "memorysetup-temp-allocator-size-background-worker=32768"
    "memorysetup-temp-allocator-size-job-worker=262144"
    "memorysetup-temp-allocator-size-preload-manager=33554432"
    "memorysetup-temp-allocator-size-nav-mesh-worker=65536"
    "memorysetup-temp-allocator-size-audio-worker=65536"
    "memorysetup-temp-allocator-size-cloud-worker=32768"
    "memorysetup-temp-allocator-size-gi-baking-worker=262144"
    "memorysetup-temp-allocator-size-gfx=262144"
Refreshing native plugins compatible for Editor in 171.54 ms, found 3 plugins.
Preloading 0 native plugins for Editor in 0.00 ms.
Initialize engine version: 2021.3.10f1 (1c7d0df0160b)
[Subsystems] Discovering subsystems at path C:/Program Files/Unity/Hub/Editor/2021.3.10f1/Editor/Data/Resources/UnitySubsystems
[Subsystems] Discovering subsystems at path C:/Users/Roman/Desktop/GarikPot/Assets
GfxDevice: creating device client; threaded=0; jobified=0
Direct3D:
    Version:  Direct3D 11.0 [level 11.1]
    Renderer: NVIDIA GeForce GTX 1050 (ID=0x1c8d)
    Vendor:   NVIDIA
    VRAM:     1977 MB
    Driver:   27.21.14.5671
Initialize mono
Mono path[0] = 'C:/Program Files/Unity/Hub/Editor/2021.3.10f1/Editor/Data/Managed'
Mono path[1] = 'C:/Program Files/Unity/Hub/Editor/2021.3.10f1/Editor/Data/MonoBleedingEdge/lib/mono/unityjit-win32'
Mono config path = 'C:/Program Files/Unity/Hub/Editor/2021.3.10f1/Editor/Data/MonoBleedingEdge/etc'
Using monoOptions --debugger-agent=transport=dt_socket,embedding=1,server=y,suspend=n,address=127.0.0.1:56444
Begin MonoManager ReloadAssembly
Registering precompiled unity dll's ...
Register platform support module: C:/Program Files/Unity/Hub/Editor/2021.3.10f1/Editor/Data/PlaybackEngines/WindowsStandaloneSupport/UnityEditor.WindowsStandalone.Extensions.dll
Registered in 0.014630 seconds.
Native extension for WindowsStandalone target not found
Refreshing native plugins compatible for Editor in 139.95 ms, found 3 plugins.
Preloading 0 native plugins for Editor in 0.00 ms.
Mono: successfully reloaded assembly
- Completed reload, in  8.778 seconds
Domain Reload Profiling:
	ReloadAssembly (8779ms)
		BeginReloadAssembly (304ms)
			ExecutionOrderSort (0ms)
			DisableScriptedObjects (0ms)
			BackupInstance (0ms)
			ReleaseScriptingObjects (0ms)
			CreateAndSetChildDomain (1ms)
		EndReloadAssembly (8006ms)
			LoadAssemblies (301ms)
			RebuildTransferFunctionScriptingTraits (0ms)
			SetupTypeCache (7500ms)
			ReleaseScriptCaches (0ms)
			RebuildScriptCaches (36ms)
			SetupLoadedEditorAssemblies (390ms)
				LogAssemblyErrors (0ms)
				InitializePlatformSupportModulesInManaged (10ms)
				SetLoadedEditorAssemblies (0ms)
				RefreshPlugins (140ms)
				BeforeProcessingInitializeOnLoad (2ms)
				ProcessInitializeOnLoadAttributes (175ms)
				ProcessInitializeOnLoadMethodAttributes (63ms)
				AfterProcessingInitializeOnLoad (0ms)
				EditorAssembliesLoaded (0ms)
			ExecutionOrderSort2 (0ms)
			AwakeInstancesAfterBackupRestoration (0ms)
Platform modules already initialized, skipping
Registering precompiled user dll's ...
Registered in 0.009103 seconds.
Begin MonoManager ReloadAssembly
Symbol file LoadedFromMemory doesn't match image C:\Users\Roman\Desktop\GarikPot\Library\PackageCache\com.unity.visualscripting@1.7.8\Editor\VisualScripting.Core\Dependencies\YamlDotNet\Unity.VisualScripting.YamlDotNet.dll
Symbol file LoadedFromMemory doesn't match image C:\Users\Roman\Desktop\GarikPot\Library\PackageCache\com.unity.visualscripting@1.7.8\Editor\VisualScripting.Core\Dependencies\DotNetZip\Unity.VisualScripting.IonicZip.dll
Native extension for WindowsStandalone target not found
Refreshing native plugins compatible for Editor in 1.05 ms, found 3 plugins.
Preloading 0 native plugins for Editor in 0.00 ms.
Mono: successfully reloaded assembly
- Completed reload, in  3.885 seconds
Domain Reload Profiling:
	ReloadAssembly (3886ms)
		BeginReloadAssembly (164ms)
			ExecutionOrderSort (0ms)
			DisableScriptedObjects (9ms)
			BackupInstance (0ms)
			ReleaseScriptingObjects (0ms)
			CreateAndSetChildDomain (27ms)
		EndReloadAssembly (3546ms)
			LoadAssemblies (2469ms)
			RebuildTransferFunctionScriptingTraits (0ms)
			SetupTypeCache (406ms)
			ReleaseScriptCaches (1ms)
			RebuildScriptCaches (76ms)
			SetupLoadedEditorAssemblies (540ms)
				LogAssemblyErrors (0ms)
				InitializePlatformSupportModulesInManaged (7ms)
				SetLoadedEditorAssemblies (1ms)
				RefreshPlugins (1ms)
				BeforeProcessingInitializeOnLoad (115ms)
				ProcessInitializeOnLoadAttributes (351ms)
				ProcessInitializeOnLoadMethodAttributes (51ms)
				AfterProcessingInitializeOnLoad (14ms)
				EditorAssembliesLoaded (0ms)
			ExecutionOrderSort2 (0ms)
			AwakeInstancesAfterBackupRestoration (8ms)
Platform modules already initialized, skipping
========================================================================
Worker process is ready to serve import requests
Launched and connected shader compiler UnityShaderCompiler.exe after 0.07 seconds
Refreshing native plugins compatible for Editor in 0.97 ms, found 3 plugins.
Preloading 0 native plugins for Editor in 0.00 ms.
Unloading 3634 Unused Serialized files (Serialized files now loaded: 0)
Unloading 27 unused Assets / (118.9 KB). Loaded Objects now: 4111.
Memory consumption went from 143.8 MB to 143.6 MB.
Total: 3.411200 ms (FindLiveObjects: 0.375500 ms CreateObjectMapping: 0.273700 ms MarkObjects: 2.560000 ms  DeleteObjects: 0.201000 ms)

AssetImportParameters requested are different than current active one (requested -> active):
  custom:video-decoder-ogg-theora: a1e56fd34408186e4bbccfd4996cb3dc -> 
  custom:container-muxer-webm: aa71ff27fc2769a1b78a27578f13a17b -> 
  custom:container-demuxer-webm: 4f35f7cbe854078d1ac9338744f61a02 -> 
  custom:video-encoder-webm-vp8: eb34c28f22e8b96e1ab97ce403110664 -> 
  custom:audio-encoder-webm-vorbis: bf7c407c2cedff20999df2af8eb42d56 -> 
  custom:framework-win-MediaFoundation: 216162199b28c13a410421893ffa2e32 -> 
  custom:container-demuxer-ogg: 62fdf1f143b41e24485cea50d1cbac27 -> 
  custom:video-decoder-webm-vp8: 9c59270c3fd7afecdb556c50c9e8de78 -> 
  custom:audio-decoder-ogg-vorbis: bf7c407c2cedff20999df2af8eb42d56 -> 
========================================================================
Received Prepare
Registering precompiled user dll's ...
Registered in 0.009737 seconds.
Begin MonoManager ReloadAssembly
Symbol file LoadedFromMemory doesn't match image C:\Users\Roman\Desktop\GarikPot\Library\PackageCache\com.unity.visualscripting@1.7.8\Editor\VisualScripting.Core\Dependencies\YamlDotNet\Unity.VisualScripting.YamlDotNet.dll
Symbol file LoadedFromMemory doesn't match image C:\Users\Roman\Desktop\GarikPot\Library\PackageCache\com.unity.visualscripting@1.7.8\Editor\VisualScripting.Core\Dependencies\DotNetZip\Unity.VisualScripting.IonicZip.dll
Native extension for WindowsStandalone target not found
Refreshing native plugins compatible for Editor in 1.23 ms, found 3 plugins.
Preloading 0 native plugins for Editor in 0.00 ms.
Mono: successfully reloaded assembly
- Completed reload, in  2.162 seconds
Domain Reload Profiling:
	ReloadAssembly (2163ms)
		BeginReloadAssembly (174ms)
			ExecutionOrderSort (0ms)
			DisableScriptedObjects (7ms)
			BackupInstance (0ms)
			ReleaseScriptingObjects (0ms)
			CreateAndSetChildDomain (46ms)
		EndReloadAssembly (1861ms)
			LoadAssemblies (147ms)
			RebuildTransferFunctionScriptingTraits (0ms)
			SetupTypeCache (397ms)
			ReleaseScriptCaches (2ms)
			RebuildScriptCaches (60ms)
			SetupLoadedEditorAssemblies (1041ms)
				LogAssemblyErrors (0ms)
				InitializePlatformSupportModulesInManaged (22ms)
				SetLoadedEditorAssemblies (1ms)
				RefreshPlugins (1ms)
				BeforeProcessingInitializeOnLoad (189ms)
				ProcessInitializeOnLoadAttributes (646ms)
				ProcessInitializeOnLoadMethodAttributes (137ms)
				AfterProcessingInitializeOnLoad (43ms)
				EditorAssembliesLoaded (0ms)
			ExecutionOrderSort2 (0ms)
			AwakeInstancesAfterBackupRestoration (17ms)
Platform modules already initialized, skipping
Refreshing native plugins compatible for Editor in 6.97 ms, found 3 plugins.
Preloading 0 native plugins for Editor in 0.00 ms.
Unloading 3544 Unused Serialized files (Serialized files now loaded: 0)
Unloading 20 unused Assets / (86.1 KB). Loaded Objects now: 4114.
Memory consumption went from 134.9 MB to 134.8 MB.
Total: 6.906900 ms (FindLiveObjects: 0.363200 ms CreateObjectMapping: 0.244200 ms MarkObjects: 6.204200 ms  DeleteObjects: 0.093100 ms)

AssetImportParameters requested are different than current active one (requested -> active):
  custom:video-decoder-ogg-theora: a1e56fd34408186e4bbccfd4996cb3dc -> 
  custom:container-muxer-webm: aa71ff27fc2769a1b78a27578f13a17b -> 
  custom:container-demuxer-webm: 4f35f7cbe854078d1ac9338744f61a02 -> 
  custom:video-encoder-webm-vp8: eb34c28f22e8b96e1ab97ce403110664 -> 
  custom:audio-encoder-webm-vorbis: bf7c407c2cedff20999df2af8eb42d56 -> 
  custom:framework-win-MediaFoundation: 216162199b28c13a410421893ffa2e32 -> 
  custom:container-demuxer-ogg: 62fdf1f143b41e24485cea50d1cbac27 -> 
  custom:video-decoder-webm-vp8: 9c59270c3fd7afecdb556c50c9e8de78 -> 
  custom:audio-decoder-ogg-vorbis: bf7c407c2cedff20999df2af8eb42d56 -> 
========================================================================
Received Prepare
Registering precompiled user dll's ...
Registered in 0.008238 seconds.
Begin MonoManager ReloadAssembly
Symbol file LoadedFromMemory doesn't match image C:\Users\Roman\Desktop\GarikPot\Library\PackageCache\com.unity.visualscripting@1.7.8\Editor\VisualScripting.Core\Dependencies\YamlDotNet\Unity.VisualScripting.YamlDotNet.dll
Symbol file LoadedFromMemory doesn't match image C:\Users\Roman\Desktop\GarikPot\Library\PackageCache\com.unity.visualscripting@1.7.8\Editor\VisualScripting.Core\Dependencies\DotNetZip\Unity.VisualScripting.IonicZip.dll
Native extension for WindowsStandalone target not found
Refreshing native plugins compatible for Editor in 1.77 ms, found 3 plugins.
Preloading 0 native plugins for Editor in 0.00 ms.
Mono: successfully reloaded assembly
- Completed reload, in  3.376 seconds
Domain Reload Profiling:
	ReloadAssembly (3377ms)
		BeginReloadAssembly (207ms)
			ExecutionOrderSort (0ms)
			DisableScriptedObjects (10ms)
			BackupInstance (0ms)
			ReleaseScriptingObjects (0ms)
			CreateAndSetChildDomain (52ms)
		EndReloadAssembly (3004ms)
			LoadAssemblies (128ms)
			RebuildTransferFunctionScriptingTraits (0ms)
			SetupTypeCache (769ms)
			ReleaseScriptCaches (6ms)
			RebuildScriptCaches (150ms)
			SetupLoadedEditorAssemblies (1675ms)
				LogAssemblyErrors (0ms)
				InitializePlatformSupportModulesInManaged (43ms)
				SetLoadedEditorAssemblies (1ms)
				RefreshPlugins (2ms)
				BeforeProcessingInitializeOnLoad (273ms)
				ProcessInitializeOnLoadAttributes (1200ms)
				ProcessInitializeOnLoadMethodAttributes (118ms)
				AfterProcessingInitializeOnLoad (35ms)
				EditorAssembliesLoaded (2ms)
			ExecutionOrderSort2 (0ms)
			AwakeInstancesAfterBackupRestoration (34ms)
Platform modules already initialized, skipping
Refreshing native plugins compatible for Editor in 6.38 ms, found 3 plugins.
Preloading 0 native plugins for Editor in 0.00 ms.
Unloading 3544 Unused Serialized files (Serialized files now loaded: 0)
Unloading 20 unused Assets / (86.0 KB). Loaded Objects now: 4117.
Memory consumption went from 134.9 MB to 134.8 MB.
Total: 6.654500 ms (FindLiveObjects: 1.444100 ms CreateObjectMapping: 0.643900 ms MarkObjects: 4.454000 ms  DeleteObjects: 0.111100 ms)

AssetImportParameters requested are different than current active one (requested -> active):
  custom:video-decoder-ogg-theora: a1e56fd34408186e4bbccfd4996cb3dc -> 
  custom:container-muxer-webm: aa71ff27fc2769a1b78a27578f13a17b -> 
  custom:container-demuxer-webm: 4f35f7cbe854078d1ac9338744f61a02 -> 
  custom:video-encoder-webm-vp8: eb34c28f22e8b96e1ab97ce403110664 -> 
  custom:audio-encoder-webm-vorbis: bf7c407c2cedff20999df2af8eb42d56 -> 
  custom:framework-win-MediaFoundation: 216162199b28c13a410421893ffa2e32 -> 
  custom:container-demuxer-ogg: 62fdf1f143b41e24485cea50d1cbac27 -> 
  custom:video-decoder-webm-vp8: 9c59270c3fd7afecdb556c50c9e8de78 -> 
  custom:audio-decoder-ogg-vorbis: bf7c407c2cedff20999df2af8eb42d56 -> 
========================================================================
Received Prepare
Registering precompiled user dll's ...
Registered in 0.008805 seconds.
Begin MonoManager ReloadAssembly
Symbol file LoadedFromMemory doesn't match image C:\Users\Roman\Desktop\GarikPot\Library\PackageCache\com.unity.visualscripting@1.7.8\Editor\VisualScripting.Core\Dependencies\YamlDotNet\Unity.VisualScripting.YamlDotNet.dll
Symbol file LoadedFromMemory doesn't match image C:\Users\Roman\Desktop\GarikPot\Library\PackageCache\com.unity.visualscripting@1.7.8\Editor\VisualScripting.Core\Dependencies\DotNetZip\Unity.VisualScripting.IonicZip.dll
Native extension for WindowsStandalone target not found
Refreshing native plugins compatible for Editor in 2.81 ms, found 3 plugins.
Preloading 0 native plugins for Editor in 0.00 ms.
Mono: successfully reloaded assembly
- Completed reload, in  3.878 seconds
Domain Reload Profiling:
	ReloadAssembly (3880ms)
		BeginReloadAssembly (513ms)
			ExecutionOrderSort (0ms)
			DisableScriptedObjects (20ms)
			BackupInstance (0ms)
			ReleaseScriptingObjects (0ms)
			CreateAndSetChildDomain (120ms)
		EndReloadAssembly (2921ms)
			LoadAssemblies (341ms)
			RebuildTransferFunctionScriptingTraits (0ms)
			SetupTypeCache (999ms)
			ReleaseScriptCaches (4ms)
			RebuildScriptCaches (213ms)
			SetupLoadedEditorAssemblies (1265ms)
				LogAssemblyErrors (0ms)
				InitializePlatformSupportModulesInManaged (48ms)
				SetLoadedEditorAssemblies (2ms)
				RefreshPlugins (3ms)
				BeforeProcessingInitializeOnLoad (260ms)
				ProcessInitializeOnLoadAttributes (855ms)
				ProcessInitializeOnLoadMethodAttributes (77ms)
				AfterProcessingInitializeOnLoad (21ms)
				EditorAssembliesLoaded (0ms)
			ExecutionOrderSort2 (0ms)
			AwakeInstancesAfterBackupRestoration (18ms)
Platform modules already initialized, skipping
Refreshing native plugins compatible for Editor in 8.56 ms, found 3 plugins.
Preloading 0 native plugins for Editor in 0.00 ms.
Unloading 3544 Unused Serialized files (Serialized files now loaded: 0)
Unloading 20 unused Assets / (86.0 KB). Loaded Objects now: 4120.
Memory consumption went from 134.9 MB to 134.8 MB.
Total: 6.197600 ms (FindLiveObjects: 0.487700 ms CreateObjectMapping: 0.474800 ms MarkObjects: 5.126900 ms  DeleteObjects: 0.106800 ms)

AssetImportParameters requested are different than current active one (requested -> active):
  custom:video-decoder-ogg-theora: a1e56fd34408186e4bbccfd4996cb3dc -> 
  custom:container-muxer-webm: aa71ff27fc2769a1b78a27578f13a17b -> 
  custom:container-demuxer-webm: 4f35f7cbe854078d1ac9338744f61a02 -> 
  custom:video-encoder-webm-vp8: eb34c28f22e8b96e1ab97ce403110664 -> 
  custom:audio-encoder-webm-vorbis: bf7c407c2cedff20999df2af8eb42d56 -> 
  custom:framework-win-MediaFoundation: 216162199b28c13a410421893ffa2e32 -> 
  custom:container-demuxer-ogg: 62fdf1f143b41e24485cea50d1cbac27 -> 
  custom:video-decoder-webm-vp8: 9c59270c3fd7afecdb556c50c9e8de78 -> 
  custom:audio-decoder-ogg-vorbis: bf7c407c2cedff20999df2af8eb42d56 -> 
========================================================================
Received Import Request.
  Time since last request: 326177.390615 seconds.
  path: Assets/Ресурсы/Forest Arena/Textures/BannerREDpsd.psd
  artifactKey: Guid(3fd5501be704e0344a09169b8d82cb4c) Importer(815301076,1909f56bfc062723c751e8b465ee728b)
Start importing Assets/Ресурсы/Forest Arena/Textures/BannerREDpsd.psd using Guid(3fd5501be704e0344a09169b8d82cb4c) Importer(815301076,1909f56bfc062723c751e8b465ee728b)  -> (artifact id: '3e5bfa43c9cb002b38d06d590ed293df') in 0.279541 seconds 
========================================================================
Received Import Request.
  Time since last request: 0.000035 seconds.
  path: Assets/Ресурсы/Forest Arena/Textures/Chestpsd.psd
  artifactKey: Guid(b92d14fdf1fe4bf40b407c9fceaf0c74) Importer(815301076,1909f56bfc062723c751e8b465ee728b)
Start importing Assets/Ресурсы/Forest Arena/Textures/Chestpsd.psd using Guid(b92d14fdf1fe4bf40b407c9fceaf0c74) Importer(815301076,1909f56bfc062723c751e8b465ee728b)  -> (artifact id: '0dff41f10f1d9d5f152c96d3f13fc8b8') in 0.347398 seconds 
========================================================================
Received Import Request.
  Time since last request: 0.003353 seconds.
  path: Assets/Ресурсы/Forest Arena/Textures/WaterMaterialpsd.psd
  artifactKey: Guid(25315fb78afed0e4b9a0e1681097767f) Importer(815301076,1909f56bfc062723c751e8b465ee728b)
Start importing Assets/Ресурсы/Forest Arena/Textures/WaterMaterialpsd.psd using Guid(25315fb78afed0e4b9a0e1681097767f) Importer(815301076,1909f56bfc062723c751e8b465ee728b)  -> (artifact id: '76f187d357ff1f65dd9fe83ca79d3c3f') in 0.049427 seconds 
========================================================================
Received Import Request.
  Time since last request: 0.005234 seconds.
  path: Assets/Ресурсы/Forest Arena/Textures/Bridgepsd.psd
  artifactKey: Guid(e666dace909cecd429bb867adcf00334) Importer(815301076,1909f56bfc062723c751e8b465ee728b)
Start importing Assets/Ресурсы/Forest Arena/Textures/Bridgepsd.psd using Guid(e666dace909cecd429bb867adcf00334) Importer(815301076,1909f56bfc062723c751e8b465ee728b)  -> (artifact id: '5e9fff42c68d1cf1b636458d83e2df0c') in 0.037350 seconds 
========================================================================
Received Import Request.
  Time since last request: 0.000947 seconds.
  path: Assets/Ресурсы/Forest Arena/Textures/Windowpsd.psd
  artifactKey: Guid(99803177513cd5e40adeef48d24dfaae) Importer(815301076,1909f56bfc062723c751e8b465ee728b)
Start importing Assets/Ресурсы/Forest Arena/Textures/Windowpsd.psd using Guid(99803177513cd5e40adeef48d24dfaae) Importer(815301076,1909f56bfc062723c751e8b465ee728b)  -> (artifact id: '38f04e303d67c8da2d005f6e5f396cb9') in 0.040686 seconds 
========================================================================
Received Import Request.
  Time since last request: 0.000025 seconds.
  path: Assets/Ресурсы/Forest Arena/Textures/FlagBLUEpsd.psd
  artifactKey: Guid(6e1ba08c0eaff6e4289f81458ed4c88f) Importer(815301076,1909f56bfc062723c751e8b465ee728b)
Start importing Assets/Ресурсы/Forest Arena/Textures/FlagBLUEpsd.psd using Guid(6e1ba08c0eaff6e4289f81458ed4c88f) Importer(815301076,1909f56bfc062723c751e8b465ee728b)  -> (artifact id: '500b288ae48995f6e8d08d0574754b4c') in 0.058101 seconds 
========================================================================
Received Import Request.
  Time since last request: 0.000301 seconds.
  path: Assets/Ресурсы/Forest Arena/Textures/TreeOakpsd.psd
  artifactKey: Guid(188363195ee3e444b84f7c6da3a9cc5d) Importer(815301076,1909f56bfc062723c751e8b465ee728b)
Start importing Assets/Ресурсы/Forest Arena/Textures/TreeOakpsd.psd using Guid(188363195ee3e444b84f7c6da3a9cc5d) Importer(815301076,1909f56bfc062723c751e8b465ee728b)  -> (artifact id: 'b1f99d3c1be5ea3abcaf5b99e03d1228') in 0.093123 seconds 
========================================================================
Received Import Request.
  Time since last request: 0.004191 seconds.
  path: Assets/Ресурсы/Forest Arena/Textures/BrazierREDpsd.psd
  artifactKey: Guid(01aa8506cb3be764fb9eec60811a3c30) Importer(815301076,1909f56bfc062723c751e8b465ee728b)
Start importing Assets/Ресурсы/Forest Arena/Textures/BrazierREDpsd.psd using Guid(01aa8506cb3be764fb9eec60811a3c30) Importer(815301076,1909f56bfc062723c751e8b465ee728b)  -> (artifact id: '26944e6b63e1960dc44452dba2f89bc7') in 0.077096 seconds 
========================================================================
Received Import Request.
  Time since last request: 0.046882 seconds.
  path: Assets/Ресурсы/Forest Arena/Textures/DoorBLUEpsd.psd
  artifactKey: Guid(d787b01c7dcbe3445a029a87bc23ce31) Importer(815301076,1909f56bfc062723c751e8b465ee728b)
Start importing Assets/Ресурсы/Forest Arena/Textures/DoorBLUEpsd.psd using Guid(d787b01c7dcbe3445a029a87bc23ce31) Importer(815301076,1909f56bfc062723c751e8b465ee728b)  -> (artifact id: '183a15c2388d83870cf93997fd45c775') in 0.060443 seconds 
========================================================================
Received Import Request.
  Time since last request: 0.007815 seconds.
  path: Assets/Ресурсы/Forest Arena/Textures/CubeParticle.psd
  artifactKey: Guid(8ecfe72d7db2e8c449fe684f88ffe010) Importer(815301076,1909f56bfc062723c751e8b465ee728b)
Start importing Assets/Ресурсы/Forest Arena/Textures/CubeParticle.psd using Guid(8ecfe72d7db2e8c449fe684f88ffe010) Importer(815301076,1909f56bfc062723c751e8b465ee728b)  -> (artifact id: '16b34c8fca4e16b29f38bb0d29fb3b95') in 0.088567 seconds 
========================================================================
Received Import Request.
  Time since last request: 0.000340 seconds.
  path: Assets/Ресурсы/Forest Arena/Textures/Blockpsd.psd
  artifactKey: Guid(e63150a3d1e311e40a6c739e3c9b6090) Importer(815301076,1909f56bfc062723c751e8b465ee728b)
Start importing Assets/Ресурсы/Forest Arena/Textures/Blockpsd.psd using Guid(e63150a3d1e311e40a6c739e3c9b6090) Importer(815301076,1909f56bfc062723c751e8b465ee728b)  -> (artifact id: '08525c8764fdbc480c4413aea1b9c71f') in 0.054028 seconds 
========================================================================
Received Import Request.
  Time since last request: 0.000024 seconds.
  path: Assets/Ресурсы/Forest Arena/Textures/Grasspsd.psd
  artifactKey: Guid(0c17f59bbb6368e4d8a7ec5e4e79d5da) Importer(815301076,1909f56bfc062723c751e8b465ee728b)
Start importing Assets/Ресурсы/Forest Arena/Textures/Grasspsd.psd using Guid(0c17f59bbb6368e4d8a7ec5e4e79d5da) Importer(815301076,1909f56bfc062723c751e8b465ee728b)  -> (artifact id: 'f2bae3364b0915226a39bdce79d1e7dd') in 0.069300 seconds 
Editor requested this worker to shutdown with reason: Scaling down because of idle timeout
AssetImportWorker is now disconnected from the server
Process exiting
Exiting without the bug reporter. Application will terminate with return code 0