Using pre-set license
Built from '2021.3/staging' branch; Version is '2021.3.10f1 (1c7d0df0160b) revision 1867021'; Using compiler version '192829333'; Build Type 'Release'
OS: 'Windows 10  (10.0.19045) 64bit CoreSingleLanguage' Language: 'ru' Physical Memory: 8075 MB
BatchMode: 1, IsHumanControllingUs: 0, StartBugReporterOnCrash: 0, Is64bit: 1, IsPro: 1

COMMAND LINE ARGUMENTS:
C:\Program Files\Unity\Hub\Editor\2021.3.10f1\Editor\Unity.exe
-adb2
-batchMode
-noUpm
-name
AssetImportWorker0
-projectPath
C:/Users/Roman/Desktop/project2
-logFile
Logs/AssetImportWorker0.log
-srvPort
59517
Successfully changed project path to: C:/Users/Roman/Desktop/project2
C:/Users/Roman/Desktop/project2
[UnityMemory] Configuration Parameters - Can be set up in boot.config
    "memorysetup-bucket-allocator-granularity=16"
    "memorysetup-bucket-allocator-bucket-count=8"
    "memorysetup-bucket-allocator-block-size=33554432"
    "memorysetup-bucket-allocator-block-count=8"
    "memorysetup-main-allocator-block-size=16777216"
    "memorysetup-thread-allocator-block-size=16777216"
    "memorysetup-gfx-main-allocator-block-size=16777216"
    "memorysetup-gfx-thread-allocator-block-size=16777216"
    "memorysetup-cache-allocator-block-size=4194304"
    "memorysetup-typetree-allocator-block-size=2097152"
    "memorysetup-profiler-bucket-allocator-granularity=16"
    "memorysetup-profiler-bucket-allocator-bucket-count=8"
    "memorysetup-profiler-bucket-allocator-block-size=33554432"
    "memorysetup-profiler-bucket-allocator-block-count=8"
    "memorysetup-profiler-allocator-block-size=16777216"
    "memorysetup-profiler-editor-allocator-block-size=1048576"
    "memorysetup-temp-allocator-size-main=16777216"
    "memorysetup-job-temp-allocator-block-size=2097152"
    "memorysetup-job-temp-allocator-block-size-background=1048576"
    "memorysetup-job-temp-allocator-reduction-small-platforms=262144"
    "memorysetup-temp-allocator-size-background-worker=32768"
    "memorysetup-temp-allocator-size-job-worker=262144"
    "memorysetup-temp-allocator-size-preload-manager=33554432"
    "memorysetup-temp-allocator-size-nav-mesh-worker=65536"
    "memorysetup-temp-allocator-size-audio-worker=65536"
    "memorysetup-temp-allocator-size-cloud-worker=32768"
    "memorysetup-temp-allocator-size-gi-baking-worker=262144"
    "memorysetup-temp-allocator-size-gfx=262144"
Refreshing native plugins compatible for Editor in 158.86 ms, found 3 plugins.
Preloading 0 native plugins for Editor in 0.00 ms.
Initialize engine version: 2021.3.10f1 (1c7d0df0160b)
[Subsystems] Discovering subsystems at path C:/Program Files/Unity/Hub/Editor/2021.3.10f1/Editor/Data/Resources/UnitySubsystems
[Subsystems] Discovering subsystems at path C:/Users/Roman/Desktop/project2/Assets
GfxDevice: creating device client; threaded=0; jobified=0
Direct3D:
    Version:  Direct3D 11.0 [level 11.1]
    Renderer: NVIDIA GeForce GTX 1050 (ID=0x1c8d)
    Vendor:   NVIDIA
    VRAM:     1977 MB
    Driver:   27.21.14.5671
Initialize mono
Mono path[0] = 'C:/Program Files/Unity/Hub/Editor/2021.3.10f1/Editor/Data/Managed'
Mono path[1] = 'C:/Program Files/Unity/Hub/Editor/2021.3.10f1/Editor/Data/MonoBleedingEdge/lib/mono/unityjit-win32'
Mono config path = 'C:/Program Files/Unity/Hub/Editor/2021.3.10f1/Editor/Data/MonoBleedingEdge/etc'
Using monoOptions --debugger-agent=transport=dt_socket,embedding=1,server=y,suspend=n,address=127.0.0.1:56496
Begin MonoManager ReloadAssembly
Registering precompiled unity dll's ...
Register platform support module: C:/Program Files/Unity/Hub/Editor/2021.3.10f1/Editor/Data/PlaybackEngines/WindowsStandaloneSupport/UnityEditor.WindowsStandalone.Extensions.dll
Registered in 0.015231 seconds.
Native extension for WindowsStandalone target not found
Refreshing native plugins compatible for Editor in 154.21 ms, found 3 plugins.
Preloading 0 native plugins for Editor in 0.00 ms.
Mono: successfully reloaded assembly
- Completed reload, in  1.109 seconds
Domain Reload Profiling:
	ReloadAssembly (1109ms)
		BeginReloadAssembly (197ms)
			ExecutionOrderSort (0ms)
			DisableScriptedObjects (0ms)
			BackupInstance (0ms)
			ReleaseScriptingObjects (0ms)
			CreateAndSetChildDomain (1ms)
		EndReloadAssembly (724ms)
			LoadAssemblies (192ms)
			RebuildTransferFunctionScriptingTraits (0ms)
			SetupTypeCache (165ms)
			ReleaseScriptCaches (0ms)
			RebuildScriptCaches (44ms)
			SetupLoadedEditorAssemblies (432ms)
				LogAssemblyErrors (0ms)
				InitializePlatformSupportModulesInManaged (12ms)
				SetLoadedEditorAssemblies (0ms)
				RefreshPlugins (154ms)
				BeforeProcessingInitializeOnLoad (2ms)
				ProcessInitializeOnLoadAttributes (187ms)
				ProcessInitializeOnLoadMethodAttributes (75ms)
				AfterProcessingInitializeOnLoad (0ms)
				EditorAssembliesLoaded (0ms)
			ExecutionOrderSort2 (0ms)
			AwakeInstancesAfterBackupRestoration (0ms)
Platform modules already initialized, skipping
Registering precompiled user dll's ...
Registered in 0.012104 seconds.
Begin MonoManager ReloadAssembly
Symbol file LoadedFromMemory doesn't match image C:\Users\Roman\Desktop\project2\Library\PackageCache\com.unity.visualscripting@1.7.8\Editor\VisualScripting.Core\Dependencies\YamlDotNet\Unity.VisualScripting.YamlDotNet.dll
Symbol file LoadedFromMemory doesn't match image C:\Users\Roman\Desktop\project2\Library\PackageCache\com.unity.visualscripting@1.7.8\Editor\VisualScripting.Core\Dependencies\DotNetZip\Unity.VisualScripting.IonicZip.dll
Native extension for WindowsStandalone target not found
Refreshing native plugins compatible for Editor in 1.12 ms, found 3 plugins.
Preloading 0 native plugins for Editor in 0.00 ms.
Mono: successfully reloaded assembly
- Completed reload, in  2.048 seconds
Domain Reload Profiling:
	ReloadAssembly (2049ms)
		BeginReloadAssembly (166ms)
			ExecutionOrderSort (0ms)
			DisableScriptedObjects (9ms)
			BackupInstance (0ms)
			ReleaseScriptingObjects (0ms)
			CreateAndSetChildDomain (27ms)
		EndReloadAssembly (1610ms)
			LoadAssemblies (290ms)
			RebuildTransferFunctionScriptingTraits (0ms)
			SetupTypeCache (413ms)
			ReleaseScriptCaches (1ms)
			RebuildScriptCaches (83ms)
			SetupLoadedEditorAssemblies (765ms)
				LogAssemblyErrors (0ms)
				InitializePlatformSupportModulesInManaged (9ms)
				SetLoadedEditorAssemblies (1ms)
				RefreshPlugins (1ms)
				BeforeProcessingInitializeOnLoad (136ms)
				ProcessInitializeOnLoadAttributes (555ms)
				ProcessInitializeOnLoadMethodAttributes (46ms)
				AfterProcessingInitializeOnLoad (16ms)
				EditorAssembliesLoaded (0ms)
			ExecutionOrderSort2 (0ms)
			AwakeInstancesAfterBackupRestoration (10ms)
Platform modules already initialized, skipping
========================================================================
Worker process is ready to serve import requests
Launched and connected shader compiler UnityShaderCompiler.exe after 0.11 seconds
Refreshing native plugins compatible for Editor in 1.18 ms, found 3 plugins.
Preloading 0 native plugins for Editor in 0.00 ms.
Unloading 3634 Unused Serialized files (Serialized files now loaded: 0)
Unloading 27 unused Assets / (118.9 KB). Loaded Objects now: 4111.
Memory consumption went from 143.7 MB to 143.6 MB.
Total: 4.267500 ms (FindLiveObjects: 0.397400 ms CreateObjectMapping: 0.336600 ms MarkObjects: 3.383900 ms  DeleteObjects: 0.148200 ms)

AssetImportParameters requested are different than current active one (requested -> active):
  custom:video-decoder-ogg-theora: a1e56fd34408186e4bbccfd4996cb3dc -> 
  custom:container-muxer-webm: aa71ff27fc2769a1b78a27578f13a17b -> 
  custom:container-demuxer-webm: 4f35f7cbe854078d1ac9338744f61a02 -> 
  custom:video-encoder-webm-vp8: eb34c28f22e8b96e1ab97ce403110664 -> 
  custom:audio-encoder-webm-vorbis: bf7c407c2cedff20999df2af8eb42d56 -> 
  custom:framework-win-MediaFoundation: 216162199b28c13a410421893ffa2e32 -> 
  custom:container-demuxer-ogg: 62fdf1f143b41e24485cea50d1cbac27 -> 
  custom:video-decoder-webm-vp8: 9c59270c3fd7afecdb556c50c9e8de78 -> 
  custom:audio-decoder-ogg-vorbis: bf7c407c2cedff20999df2af8eb42d56 -> 
========================================================================
Received Import Request.
  Time since last request: 244571.913611 seconds.
  path: Assets/Scenes/Level1.unity
  artifactKey: Guid(5c7c6faa728615a4ebcc88848d10c161) Importer(815301076,1909f56bfc062723c751e8b465ee728b)
Start importing Assets/Scenes/Level1.unity using Guid(5c7c6faa728615a4ebcc88848d10c161) Importer(815301076,1909f56bfc062723c751e8b465ee728b)  -> (artifact id: '133851286286869d5232fba4f6eb46a1') in 0.019206 seconds 
========================================================================
Received Import Request.
  Time since last request: 15.450169 seconds.
  path: Assets/СтандартныйИгрок
  artifactKey: Guid(aa733a4a4fdd9f24e909c086737064f0) Importer(815301076,1909f56bfc062723c751e8b465ee728b)
Start importing Assets/СтандартныйИгрок using Guid(aa733a4a4fdd9f24e909c086737064f0) Importer(815301076,1909f56bfc062723c751e8b465ee728b)  -> (artifact id: 'ede9613cf3d8acba9ab39837dc9ed5a3') in 0.011453 seconds 
========================================================================
Received Import Request.
  Time since last request: 5.674067 seconds.
  path: Assets/Prefabs
  artifactKey: Guid(767eabb2f7091de4797d4bffc9b658b3) Importer(815301076,1909f56bfc062723c751e8b465ee728b)
Start importing Assets/Prefabs using Guid(767eabb2f7091de4797d4bffc9b658b3) Importer(815301076,1909f56bfc062723c751e8b465ee728b)  -> (artifact id: 'c091a7182a007f1aec440bd17d3d589b') in 0.014847 seconds 
========================================================================
Received Import Request.
  Time since last request: 0.068114 seconds.
  path: Assets/Prefabs/Button.prefab
  artifactKey: Guid(40ca0af44e4005f41b4aca9e9539d867) Importer(815301076,1909f56bfc062723c751e8b465ee728b)
Start importing Assets/Prefabs/Button.prefab using Guid(40ca0af44e4005f41b4aca9e9539d867) Importer(815301076,1909f56bfc062723c751e8b465ee728b)  -> (artifact id: 'f447da518b9c7d8f037cf07ac840eb63') in 0.244815 seconds 
========================================================================
Received Import Request.
  Time since last request: 0.000045 seconds.
  path: Assets/Prefabs/Trap.prefab
  artifactKey: Guid(179643e1a6498624891c6a615bb125c2) Importer(815301076,1909f56bfc062723c751e8b465ee728b)
Start importing Assets/Prefabs/Trap.prefab using Guid(179643e1a6498624891c6a615bb125c2) Importer(815301076,1909f56bfc062723c751e8b465ee728b)  -> (artifact id: '61caf76f3377afdb6a7899300bbd770b') in 0.055990 seconds 
========================================================================
Received Import Request.
  Time since last request: 0.000039 seconds.
  path: Assets/Prefabs/Teleport.prefab
  artifactKey: Guid(16ddbc1d6e1e6974ba70ca219d8e0175) Importer(815301076,1909f56bfc062723c751e8b465ee728b)
Start importing Assets/Prefabs/Teleport.prefab using Guid(16ddbc1d6e1e6974ba70ca219d8e0175) Importer(815301076,1909f56bfc062723c751e8b465ee728b)  -> (artifact id: 'f34fba0f28e4e358924781d0a37d066f') in 0.063804 seconds 
========================================================================
Received Import Request.
  Time since last request: 0.000060 seconds.
  path: Assets/Prefabs/Spike.prefab
  artifactKey: Guid(a1b85645891e1c340942a2f38eab4bd0) Importer(815301076,1909f56bfc062723c751e8b465ee728b)
Start importing Assets/Prefabs/Spike.prefab using Guid(a1b85645891e1c340942a2f38eab4bd0) Importer(815301076,1909f56bfc062723c751e8b465ee728b)  -> (artifact id: '585524858b607f9774c579333c853661') in 0.030388 seconds 
========================================================================
Received Import Request.
  Time since last request: 0.000070 seconds.
  path: Assets/Prefabs/Player.prefab
  artifactKey: Guid(852d9a31c58566b4a806393fdb7aea31) Importer(815301076,1909f56bfc062723c751e8b465ee728b)
Start importing Assets/Prefabs/Player.prefab using Guid(852d9a31c58566b4a806393fdb7aea31) Importer(815301076,1909f56bfc062723c751e8b465ee728b)  -> (artifact id: '886f82323bcf6f1e1504527bee3ab7bc') in 0.241747 seconds 
========================================================================
Received Import Request.
  Time since last request: 34.907186 seconds.
  path: Assets/Level 1 Monster Pack/Prefabs/Rabbit/Rabbit_Green.prefab
  artifactKey: Guid(0f21afde7a41dfb4e930ca290ca46dee) Importer(815301076,1909f56bfc062723c751e8b465ee728b)
Start importing Assets/Level 1 Monster Pack/Prefabs/Rabbit/Rabbit_Green.prefab using Guid(0f21afde7a41dfb4e930ca290ca46dee) Importer(815301076,1909f56bfc062723c751e8b465ee728b)  -> (artifact id: 'bd74e9785c7dae0444aefe796e36c251') in 0.050568 seconds 
========================================================================
Received Import Request.
  Time since last request: 0.000027 seconds.
  path: Assets/Level 1 Monster Pack/Prefabs/Rabbit/Rabbit_Yellow.prefab
  artifactKey: Guid(2a4adfdefdadd7048a18bb7e7cc5b23b) Importer(815301076,1909f56bfc062723c751e8b465ee728b)
Start importing Assets/Level 1 Monster Pack/Prefabs/Rabbit/Rabbit_Yellow.prefab using Guid(2a4adfdefdadd7048a18bb7e7cc5b23b) Importer(815301076,1909f56bfc062723c751e8b465ee728b)  -> (artifact id: '4806e2ccb0c86bf1fa7aac0bf3637c59') in 0.105399 seconds 
========================================================================
Received Import Request.
  Time since last request: 13.586946 seconds.
  path: Assets/Level 1 Monster Pack/Prefabs/Slime/Slime_Green.prefab
  artifactKey: Guid(9c8e6b52a146b2d4994f42592a19bba0) Importer(815301076,1909f56bfc062723c751e8b465ee728b)
Start importing Assets/Level 1 Monster Pack/Prefabs/Slime/Slime_Green.prefab using Guid(9c8e6b52a146b2d4994f42592a19bba0) Importer(815301076,1909f56bfc062723c751e8b465ee728b)  -> (artifact id: 'd2e3c7548079f1c81bb2cd37bf1f8f26') in 0.056757 seconds 
========================================================================
Received Import Request.
  Time since last request: 0.000035 seconds.
  path: Assets/Level 1 Monster Pack/Prefabs/Slime/Slime_Yellow.prefab
  artifactKey: Guid(529296adea5f8bb4581e098f98e62549) Importer(815301076,1909f56bfc062723c751e8b465ee728b)
Start importing Assets/Level 1 Monster Pack/Prefabs/Slime/Slime_Yellow.prefab using Guid(529296adea5f8bb4581e098f98e62549) Importer(815301076,1909f56bfc062723c751e8b465ee728b)  -> (artifact id: '9a02fe25d9d4314f85b4cedb92962ecb') in 0.069512 seconds 
========================================================================
Received Prepare
Registering precompiled user dll's ...
Registered in 0.011803 seconds.
Begin MonoManager ReloadAssembly
Symbol file LoadedFromMemory doesn't match image C:\Users\Roman\Desktop\project2\Library\PackageCache\com.unity.visualscripting@1.7.8\Editor\VisualScripting.Core\Dependencies\YamlDotNet\Unity.VisualScripting.YamlDotNet.dll
Symbol file LoadedFromMemory doesn't match image C:\Users\Roman\Desktop\project2\Library\PackageCache\com.unity.visualscripting@1.7.8\Editor\VisualScripting.Core\Dependencies\DotNetZip\Unity.VisualScripting.IonicZip.dll
Native extension for WindowsStandalone target not found
Refreshing native plugins compatible for Editor in 1.15 ms, found 3 plugins.
Preloading 0 native plugins for Editor in 0.00 ms.
Mono: successfully reloaded assembly
- Completed reload, in  3.590 seconds
Domain Reload Profiling:
	ReloadAssembly (3592ms)
		BeginReloadAssembly (207ms)
			ExecutionOrderSort (0ms)
			DisableScriptedObjects (8ms)
			BackupInstance (0ms)
			ReleaseScriptingObjects (0ms)
			CreateAndSetChildDomain (57ms)
		EndReloadAssembly (3223ms)
			LoadAssemblies (135ms)
			RebuildTransferFunctionScriptingTraits (0ms)
			SetupTypeCache (449ms)
			ReleaseScriptCaches (2ms)
			RebuildScriptCaches (78ms)
			SetupLoadedEditorAssemblies (2138ms)
				LogAssemblyErrors (0ms)
				InitializePlatformSupportModulesInManaged (21ms)
				SetLoadedEditorAssemblies (1ms)
				RefreshPlugins (1ms)
				BeforeProcessingInitializeOnLoad (360ms)
				ProcessInitializeOnLoadAttributes (1441ms)
				ProcessInitializeOnLoadMethodAttributes (233ms)
				AfterProcessingInitializeOnLoad (79ms)
				EditorAssembliesLoaded (3ms)
			ExecutionOrderSort2 (0ms)
			AwakeInstancesAfterBackupRestoration (99ms)
Platform modules already initialized, skipping
Refreshing native plugins compatible for Editor in 3.57 ms, found 3 plugins.
Preloading 0 native plugins for Editor in 0.00 ms.
Unloading 3544 Unused Serialized files (Serialized files now loaded: 0)
Unloading 20 unused Assets / (86.0 KB). Loaded Objects now: 4126.
Memory consumption went from 152.0 MB to 151.9 MB.
Total: 3.958200 ms (FindLiveObjects: 0.369600 ms CreateObjectMapping: 0.258200 ms MarkObjects: 3.231200 ms  DeleteObjects: 0.097500 ms)

AssetImportParameters requested are different than current active one (requested -> active):
  custom:video-decoder-ogg-theora: a1e56fd34408186e4bbccfd4996cb3dc -> 
  custom:container-muxer-webm: aa71ff27fc2769a1b78a27578f13a17b -> 
  custom:container-demuxer-webm: 4f35f7cbe854078d1ac9338744f61a02 -> 
  custom:video-encoder-webm-vp8: eb34c28f22e8b96e1ab97ce403110664 -> 
  custom:audio-encoder-webm-vorbis: bf7c407c2cedff20999df2af8eb42d56 -> 
  custom:framework-win-MediaFoundation: 216162199b28c13a410421893ffa2e32 -> 
  custom:container-demuxer-ogg: 62fdf1f143b41e24485cea50d1cbac27 -> 
  custom:video-decoder-webm-vp8: 9c59270c3fd7afecdb556c50c9e8de78 -> 
  custom:audio-decoder-ogg-vorbis: bf7c407c2cedff20999df2af8eb42d56 -> 
========================================================================
Received Import Request.
  Time since last request: 252.879444 seconds.
  path: Assets/JMO Assets/Cartoon FX/Materials/Misc/CFX_Tornado.mat
  artifactKey: Guid(d31773cd67ef98d44a63900e5bf368e8) Importer(815301076,1909f56bfc062723c751e8b465ee728b)
Start importing Assets/JMO Assets/Cartoon FX/Materials/Misc/CFX_Tornado.mat using Guid(d31773cd67ef98d44a63900e5bf368e8) Importer(815301076,1909f56bfc062723c751e8b465ee728b)  -> (artifact id: '374f114e8b3b277e550d604e527625df') in 0.145776 seconds 
========================================================================
Received Import Request.
  Time since last request: 265.417306 seconds.
  path: Assets/СтандартныйИгрок/Игрок.prefab
  artifactKey: Guid(5e9e851c0e142814dac026a256ba2ac0) Importer(815301076,1909f56bfc062723c751e8b465ee728b)
Start importing Assets/СтандартныйИгрок/Игрок.prefab using Guid(5e9e851c0e142814dac026a256ba2ac0) Importer(815301076,1909f56bfc062723c751e8b465ee728b)  -> (artifact id: '4cff6878d93479c456488f0996a9c0df') in 0.024847 seconds 
========================================================================
Received Import Request.
  Time since last request: 430.158090 seconds.
  path: Assets/Audio/classic_hurt.mp3
  artifactKey: Guid(08a7b33682231724ea82377a990d5572) Importer(815301076,1909f56bfc062723c751e8b465ee728b)
Start importing Assets/Audio/classic_hurt.mp3 using Guid(08a7b33682231724ea82377a990d5572) Importer(815301076,1909f56bfc062723c751e8b465ee728b)  -> (artifact id: 'e15d428fd699de0e46735b9e41b1f028') in 0.232903 seconds 
========================================================================
Received Import Request.
  Time since last request: 34.775710 seconds.
  path: Assets/JMO Assets/Cartoon FX/Materials/Fire/CFX3_FireSparkle ADD.mat
  artifactKey: Guid(c9386fd37103dcb479f09e942849a1ce) Importer(815301076,1909f56bfc062723c751e8b465ee728b)
Start importing Assets/JMO Assets/Cartoon FX/Materials/Fire/CFX3_FireSparkle ADD.mat using Guid(c9386fd37103dcb479f09e942849a1ce) Importer(815301076,1909f56bfc062723c751e8b465ee728b)  -> (artifact id: 'fb1e85a9f1e6c100c10460f140e94760') in 0.022051 seconds 
========================================================================
Received Import Request.
  Time since last request: 15.657787 seconds.
  path: Assets/Fireball.prefab
  artifactKey: Guid(678d2a867605fd74aaa95fb8b5e84cec) Importer(815301076,1909f56bfc062723c751e8b465ee728b)
Start importing Assets/Fireball.prefab using Guid(678d2a867605fd74aaa95fb8b5e84cec) Importer(815301076,1909f56bfc062723c751e8b465ee728b)  -> (artifact id: 'eefee7d83a684431a3099c1622270f72') in 0.052880 seconds 
========================================================================
Received Import Request.
  Time since last request: 2.143140 seconds.
  path: Assets/Fireball.prefab
  artifactKey: Guid(678d2a867605fd74aaa95fb8b5e84cec) Importer(815301076,1909f56bfc062723c751e8b465ee728b)
Start importing Assets/Fireball.prefab using Guid(678d2a867605fd74aaa95fb8b5e84cec) Importer(815301076,1909f56bfc062723c751e8b465ee728b)  -> (artifact id: 'fc4396481c4164d583d6fccdcb9df224') in 0.032731 seconds 
========================================================================
Received Import Request.
  Time since last request: 6.935101 seconds.
  path: Assets/Fireball.prefab
  artifactKey: Guid(678d2a867605fd74aaa95fb8b5e84cec) Importer(815301076,1909f56bfc062723c751e8b465ee728b)
Start importing Assets/Fireball.prefab using Guid(678d2a867605fd74aaa95fb8b5e84cec) Importer(815301076,1909f56bfc062723c751e8b465ee728b)  -> (artifact id: 'eb7817caaab543e7d3f4acd39604b181') in 0.030176 seconds 
========================================================================
Received Import Request.
  Time since last request: 2.248113 seconds.
  path: Assets/Fireball.prefab
  artifactKey: Guid(678d2a867605fd74aaa95fb8b5e84cec) Importer(815301076,1909f56bfc062723c751e8b465ee728b)
Start importing Assets/Fireball.prefab using Guid(678d2a867605fd74aaa95fb8b5e84cec) Importer(815301076,1909f56bfc062723c751e8b465ee728b)  -> (artifact id: '05a00a53b24d794951c5159d141553a9') in 0.033912 seconds 
========================================================================
Received Import Request.
  Time since last request: 15.518546 seconds.
  path: Assets/Fireball.prefab
  artifactKey: Guid(678d2a867605fd74aaa95fb8b5e84cec) Importer(815301076,1909f56bfc062723c751e8b465ee728b)
Start importing Assets/Fireball.prefab using Guid(678d2a867605fd74aaa95fb8b5e84cec) Importer(815301076,1909f56bfc062723c751e8b465ee728b)  -> (artifact id: 'b5e43cc8b087a0fd8b43643d907e79ad') in 0.029070 seconds 
========================================================================
Received Import Request.
  Time since last request: 2.605001 seconds.
  path: Assets/Fireball.prefab
  artifactKey: Guid(678d2a867605fd74aaa95fb8b5e84cec) Importer(815301076,1909f56bfc062723c751e8b465ee728b)
Start importing Assets/Fireball.prefab using Guid(678d2a867605fd74aaa95fb8b5e84cec) Importer(815301076,1909f56bfc062723c751e8b465ee728b)  -> (artifact id: '8f464c3783ed74c284bfe2fb08dbcee6') in 0.032434 seconds 
========================================================================
Received Import Request.
  Time since last request: 3.070704 seconds.
  path: Assets/JMO Assets/Cartoon FX/Materials/Fire/CFX4_FireBulk AddSoft.mat
  artifactKey: Guid(53e601bdd2cb5434e96ec915a4e30792) Importer(815301076,1909f56bfc062723c751e8b465ee728b)
Start importing Assets/JMO Assets/Cartoon FX/Materials/Fire/CFX4_FireBulk AddSoft.mat using Guid(53e601bdd2cb5434e96ec915a4e30792) Importer(815301076,1909f56bfc062723c751e8b465ee728b)  -> (artifact id: '344c0866103cdcdd2d6c7605982f9c29') in 0.028821 seconds 
========================================================================
Received Import Request.
  Time since last request: 7.067207 seconds.
  path: Assets/Fireball.prefab
  artifactKey: Guid(678d2a867605fd74aaa95fb8b5e84cec) Importer(815301076,1909f56bfc062723c751e8b465ee728b)
Start importing Assets/Fireball.prefab using Guid(678d2a867605fd74aaa95fb8b5e84cec) Importer(815301076,1909f56bfc062723c751e8b465ee728b)  -> (artifact id: '2c50bada83b3149138eabab7fc719248') in 0.031619 seconds 
========================================================================
Received Import Request.
  Time since last request: 3.203058 seconds.
  path: Assets/Fireball.prefab
  artifactKey: Guid(678d2a867605fd74aaa95fb8b5e84cec) Importer(815301076,1909f56bfc062723c751e8b465ee728b)
Start importing Assets/Fireball.prefab using Guid(678d2a867605fd74aaa95fb8b5e84cec) Importer(815301076,1909f56bfc062723c751e8b465ee728b)  -> (artifact id: '842e75ac61f7c5932cd452cb8bf5586d') in 0.032440 seconds 
========================================================================
Received Import Request.
  Time since last request: 1.383362 seconds.
  path: Assets/Fireball.prefab
  artifactKey: Guid(678d2a867605fd74aaa95fb8b5e84cec) Importer(815301076,1909f56bfc062723c751e8b465ee728b)
Start importing Assets/Fireball.prefab using Guid(678d2a867605fd74aaa95fb8b5e84cec) Importer(815301076,1909f56bfc062723c751e8b465ee728b)  -> (artifact id: '60ffa80bb7063d761309d36931bf5905') in 0.033358 seconds 
========================================================================
Received Import Request.
  Time since last request: 9.554012 seconds.
  path: Assets/Fireball.prefab
  artifactKey: Guid(678d2a867605fd74aaa95fb8b5e84cec) Importer(815301076,1909f56bfc062723c751e8b465ee728b)
Start importing Assets/Fireball.prefab using Guid(678d2a867605fd74aaa95fb8b5e84cec) Importer(815301076,1909f56bfc062723c751e8b465ee728b)  -> (artifact id: '34f5f84f78efd1f255974d2ccce458a0') in 0.032072 seconds 
========================================================================
Received Import Request.
  Time since last request: 1.000846 seconds.
  path: Assets/Fireball.prefab
  artifactKey: Guid(678d2a867605fd74aaa95fb8b5e84cec) Importer(815301076,1909f56bfc062723c751e8b465ee728b)
Start importing Assets/Fireball.prefab using Guid(678d2a867605fd74aaa95fb8b5e84cec) Importer(815301076,1909f56bfc062723c751e8b465ee728b)  -> (artifact id: '915f008f0645167b2f517af5f54188f6') in 0.050411 seconds 
========================================================================
Received Import Request.
  Time since last request: 0.519498 seconds.
  path: Assets/Fireball.prefab
  artifactKey: Guid(678d2a867605fd74aaa95fb8b5e84cec) Importer(815301076,1909f56bfc062723c751e8b465ee728b)
Start importing Assets/Fireball.prefab using Guid(678d2a867605fd74aaa95fb8b5e84cec) Importer(815301076,1909f56bfc062723c751e8b465ee728b)  -> (artifact id: 'bc08a30563bc63c03505ff373b55c930') in 0.039742 seconds 
========================================================================
Received Import Request.
  Time since last request: 29.433253 seconds.
  path: Assets/Fireball.prefab
  artifactKey: Guid(678d2a867605fd74aaa95fb8b5e84cec) Importer(815301076,1909f56bfc062723c751e8b465ee728b)
Start importing Assets/Fireball.prefab using Guid(678d2a867605fd74aaa95fb8b5e84cec) Importer(815301076,1909f56bfc062723c751e8b465ee728b)  -> (artifact id: '5f92858a1cf686b0b43253cd84d8b321') in 0.032218 seconds 
========================================================================
Received Import Request.
  Time since last request: 58.643456 seconds.
  path: Assets/Fireball.prefab
  artifactKey: Guid(678d2a867605fd74aaa95fb8b5e84cec) Importer(815301076,1909f56bfc062723c751e8b465ee728b)
Start importing Assets/Fireball.prefab using Guid(678d2a867605fd74aaa95fb8b5e84cec) Importer(815301076,1909f56bfc062723c751e8b465ee728b)  -> (artifact id: '028aaf0bba8fe60dfcb28df6458e34f8') in 0.031708 seconds 
========================================================================
Received Import Request.
  Time since last request: 20.800268 seconds.
  path: Assets/ICEBOLL.prefab
  artifactKey: Guid(678d2a867605fd74aaa95fb8b5e84cec) Importer(815301076,1909f56bfc062723c751e8b465ee728b)
Start importing Assets/ICEBOLL.prefab using Guid(678d2a867605fd74aaa95fb8b5e84cec) Importer(815301076,1909f56bfc062723c751e8b465ee728b)  -> (artifact id: '28f1cdc6d9fccc74755a878f9bf86a4c') in 0.037249 seconds 
========================================================================
Received Import Request.
  Time since last request: 19.714320 seconds.
  path: Assets/JMO Assets/Cartoon FX/Textures/CFX4_T_FireBulk AB.png
  artifactKey: Guid(f71f658d2f20fdf42b41170b8319e02d) Importer(815301076,1909f56bfc062723c751e8b465ee728b)
Start importing Assets/JMO Assets/Cartoon FX/Textures/CFX4_T_FireBulk AB.png using Guid(f71f658d2f20fdf42b41170b8319e02d) Importer(815301076,1909f56bfc062723c751e8b465ee728b)  -> (artifact id: '29bacd9792a357ba3415c828654a6575') in 0.092804 seconds 
========================================================================
Received Import Request.
  Time since last request: 3.249744 seconds.
  path: Assets/JMO Assets/Cartoon FX/Textures/CFX3_T_AuraRunic.png
  artifactKey: Guid(d14d0e475cccac4459575f61f2a79a70) Importer(815301076,1909f56bfc062723c751e8b465ee728b)
Start importing Assets/JMO Assets/Cartoon FX/Textures/CFX3_T_AuraRunic.png using Guid(d14d0e475cccac4459575f61f2a79a70) Importer(815301076,1909f56bfc062723c751e8b465ee728b)  -> (artifact id: '063e022459cfc84e68a4799450fb1785') in 0.082083 seconds 
========================================================================
Received Import Request.
  Time since last request: 0.000041 seconds.
  path: Assets/JMO Assets/Cartoon FX/Textures/CFX_T_Text_HitRandom.tga
  artifactKey: Guid(e4c04f362fa1cc84dbf21d831431e501) Importer(815301076,1909f56bfc062723c751e8b465ee728b)
Start importing Assets/JMO Assets/Cartoon FX/Textures/CFX_T_Text_HitRandom.tga using Guid(e4c04f362fa1cc84dbf21d831431e501) Importer(815301076,1909f56bfc062723c751e8b465ee728b)  -> (artifact id: 'db747e6948fc34d599ab56259d88ce7f') in 0.069840 seconds 
========================================================================
Received Import Request.
  Time since last request: 0.000051 seconds.
  path: Assets/JMO Assets/Cartoon FX/Textures/CFX3_T_SmallRay.png
  artifactKey: Guid(0659a2faaee9f7442a45c7ec908dabcb) Importer(815301076,1909f56bfc062723c751e8b465ee728b)
Start importing Assets/JMO Assets/Cartoon FX/Textures/CFX3_T_SmallRay.png using Guid(0659a2faaee9f7442a45c7ec908dabcb) Importer(815301076,1909f56bfc062723c751e8b465ee728b)  -> (artifact id: '389bafc847c2247c21936d11d496b4f6') in 0.054533 seconds 
========================================================================
Received Import Request.
  Time since last request: 0.000023 seconds.
  path: Assets/JMO Assets/Cartoon FX/Textures/CFX_T_Star.tga
  artifactKey: Guid(95b22be2b746dff46a95032d1620aae1) Importer(815301076,1909f56bfc062723c751e8b465ee728b)
Start importing Assets/JMO Assets/Cartoon FX/Textures/CFX_T_Star.tga using Guid(95b22be2b746dff46a95032d1620aae1) Importer(815301076,1909f56bfc062723c751e8b465ee728b)  -> (artifact id: '7a203d0e5558c51ebddc3bd0c0b35502') in 0.037081 seconds 
========================================================================
Received Import Request.
  Time since last request: 0.000047 seconds.
  path: Assets/JMO Assets/Cartoon FX/Textures/CFX3_T_GlowStar.png
  artifactKey: Guid(91d3d754c3f2ed742b805399cbbbe0e9) Importer(815301076,1909f56bfc062723c751e8b465ee728b)
Start importing Assets/JMO Assets/Cartoon FX/Textures/CFX3_T_GlowStar.png using Guid(91d3d754c3f2ed742b805399cbbbe0e9) Importer(815301076,1909f56bfc062723c751e8b465ee728b)  -> (artifact id: '26f718e06df8776bef73ccd1a9b91d54') in 0.041156 seconds 
========================================================================
Received Import Request.
  Time since last request: 0.000042 seconds.
  path: Assets/JMO Assets/Cartoon FX/Textures/CFX4_T_SparksHit.png
  artifactKey: Guid(a90f18bd790c8ec409e2fa3be62f3ee7) Importer(815301076,1909f56bfc062723c751e8b465ee728b)
Start importing Assets/JMO Assets/Cartoon FX/Textures/CFX4_T_SparksHit.png using Guid(a90f18bd790c8ec409e2fa3be62f3ee7) Importer(815301076,1909f56bfc062723c751e8b465ee728b)  -> (artifact id: '22f2237a457cc955560bf1805212072f') in 0.060628 seconds 
========================================================================
Received Import Request.
  Time since last request: 0.000034 seconds.
  path: Assets/JMO Assets/Cartoon FX/Textures/CFX_T_Star Add.png
  artifactKey: Guid(df9dab791d4192b4694f9a442f64b18d) Importer(815301076,1909f56bfc062723c751e8b465ee728b)
Start importing Assets/JMO Assets/Cartoon FX/Textures/CFX_T_Star Add.png using Guid(df9dab791d4192b4694f9a442f64b18d) Importer(815301076,1909f56bfc062723c751e8b465ee728b)  -> (artifact id: 'aca3c37503aeafbadecbeeedcb20de41') in 0.045859 seconds 
========================================================================
Received Import Request.
  Time since last request: 0.000033 seconds.
  path: Assets/JMO Assets/Cartoon FX/Textures/CFX_T_Bubble.png
  artifactKey: Guid(fd5f77db0b1cae745bf2d8b8df194861) Importer(815301076,1909f56bfc062723c751e8b465ee728b)
Start importing Assets/JMO Assets/Cartoon FX/Textures/CFX_T_Bubble.png using Guid(fd5f77db0b1cae745bf2d8b8df194861) Importer(815301076,1909f56bfc062723c751e8b465ee728b)  -> (artifact id: '19e2982a3a580269c14228a2c7ab5344') in 0.052241 seconds 
========================================================================
Received Import Request.
  Time since last request: 0.000024 seconds.
  path: Assets/JMO Assets/Cartoon FX/Textures/CFX_T_Ray.png
  artifactKey: Guid(2a23c90b6f28bf849a5ac28e2e9e6e41) Importer(815301076,1909f56bfc062723c751e8b465ee728b)
Start importing Assets/JMO Assets/Cartoon FX/Textures/CFX_T_Ray.png using Guid(2a23c90b6f28bf849a5ac28e2e9e6e41) Importer(815301076,1909f56bfc062723c751e8b465ee728b)  -> (artifact id: '460243819562f0c32537b5fff22d9d18') in 0.046552 seconds 
========================================================================
Received Import Request.
  Time since last request: 0.000027 seconds.
  path: Assets/JMO Assets/Cartoon FX/Textures/CFX4_T_AuraBubble.png
  artifactKey: Guid(f233a7a5a2c3777498cc5c62b506633a) Importer(815301076,1909f56bfc062723c751e8b465ee728b)
Start importing Assets/JMO Assets/Cartoon FX/Textures/CFX4_T_AuraBubble.png using Guid(f233a7a5a2c3777498cc5c62b506633a) Importer(815301076,1909f56bfc062723c751e8b465ee728b)  -> (artifact id: 'f0179ffa76b166cc6b212443c5aed1d8') in 0.046803 seconds 
========================================================================
Received Import Request.
  Time since last request: 0.007162 seconds.
  path: Assets/JMO Assets/Cartoon FX/Textures/CFX4_T_Foam A8.png
  artifactKey: Guid(9dd1a066ff7a96b4fa6bc237ac8d61e8) Importer(815301076,1909f56bfc062723c751e8b465ee728b)
Start importing Assets/JMO Assets/Cartoon FX/Textures/CFX4_T_Foam A8.png using Guid(9dd1a066ff7a96b4fa6bc237ac8d61e8) Importer(815301076,1909f56bfc062723c751e8b465ee728b)  -> (artifact id: 'b41b639a119d304157274cb557532cda') in 0.079719 seconds 
========================================================================
Received Import Request.
  Time since last request: 0.002439 seconds.
  path: Assets/JMO Assets/Cartoon FX/Textures/CFX4_T_BubbleSubtle A8.png
  artifactKey: Guid(2b1e7eedd7ee0e84495e702c91bc240a) Importer(815301076,1909f56bfc062723c751e8b465ee728b)
Start importing Assets/JMO Assets/Cartoon FX/Textures/CFX4_T_BubbleSubtle A8.png using Guid(2b1e7eedd7ee0e84495e702c91bc240a) Importer(815301076,1909f56bfc062723c751e8b465ee728b)  -> (artifact id: '207625a7b154e2e425d7515cb1c7d8d1') in 0.138049 seconds 
========================================================================
Received Import Request.
  Time since last request: 0.000427 seconds.
  path: Assets/JMO Assets/Cartoon FX/Textures/CFX4_T_FireSoft RGB.png
  artifactKey: Guid(4590452e6e05a624c98b4f931f719e56) Importer(815301076,1909f56bfc062723c751e8b465ee728b)
Start importing Assets/JMO Assets/Cartoon FX/Textures/CFX4_T_FireSoft RGB.png using Guid(4590452e6e05a624c98b4f931f719e56) Importer(815301076,1909f56bfc062723c751e8b465ee728b)  -> (artifact id: '0c455ecda6eee309b9935fe52546e059') in 0.093330 seconds 
========================================================================
Received Import Request.
  Time since last request: 0.000032 seconds.
  path: Assets/JMO Assets/Cartoon FX/Textures/CFX_T_Bolt.png
  artifactKey: Guid(347a4af640f58824d8438fae9b34a012) Importer(815301076,1909f56bfc062723c751e8b465ee728b)
Start importing Assets/JMO Assets/Cartoon FX/Textures/CFX_T_Bolt.png using Guid(347a4af640f58824d8438fae9b34a012) Importer(815301076,1909f56bfc062723c751e8b465ee728b)  -> (artifact id: 'd24e4c85bee28d171986b5db8a99f2bc') in 0.041101 seconds 
========================================================================
Received Import Request.
  Time since last request: 0.001243 seconds.
  path: Assets/JMO Assets/Cartoon FX/Textures/CFX4_T_GroundDebris AB.png
  artifactKey: Guid(1e3c761df42153c439e30160ebb12adc) Importer(815301076,1909f56bfc062723c751e8b465ee728b)
Start importing Assets/JMO Assets/Cartoon FX/Textures/CFX4_T_GroundDebris AB.png using Guid(1e3c761df42153c439e30160ebb12adc) Importer(815301076,1909f56bfc062723c751e8b465ee728b)  -> (artifact id: 'a31769630d9ce396de6cace8299451e2') in 0.034401 seconds 
========================================================================
Received Import Request.
  Time since last request: 0.000025 seconds.
  path: Assets/JMO Assets/Cartoon FX/Textures/CFX3_T_FireSparkle.png
  artifactKey: Guid(52c1a422bfc04b543adc653b160af1e6) Importer(815301076,1909f56bfc062723c751e8b465ee728b)
Start importing Assets/JMO Assets/Cartoon FX/Textures/CFX3_T_FireSparkle.png using Guid(52c1a422bfc04b543adc653b160af1e6) Importer(815301076,1909f56bfc062723c751e8b465ee728b)  -> (artifact id: 'af07e617981feb6bd784f35623bf2e17') in 0.026601 seconds 
========================================================================
Received Import Request.
  Time since last request: 0.000026 seconds.
  path: Assets/JMO Assets/Cartoon FX/Textures/CFX4_T_Circle.png
  artifactKey: Guid(b6342c23be279ce4fa9ca506fb0b1b05) Importer(815301076,1909f56bfc062723c751e8b465ee728b)
Start importing Assets/JMO Assets/Cartoon FX/Textures/CFX4_T_Circle.png using Guid(b6342c23be279ce4fa9ca506fb0b1b05) Importer(815301076,1909f56bfc062723c751e8b465ee728b)  -> (artifact id: '4d3f9519ffaaf2faf8257de6d88364a3') in 0.037818 seconds 
========================================================================
Received Import Request.
  Time since last request: 0.000036 seconds.
  path: Assets/JMO Assets/Cartoon FX/Textures/CFX_T_Text_Boom.tga
  artifactKey: Guid(19af7054766e9ea4789ead0cefad4a77) Importer(815301076,1909f56bfc062723c751e8b465ee728b)
Start importing Assets/JMO Assets/Cartoon FX/Textures/CFX_T_Text_Boom.tga using Guid(19af7054766e9ea4789ead0cefad4a77) Importer(815301076,1909f56bfc062723c751e8b465ee728b)  -> (artifact id: 'f98adfba8dd9184b08bfad1e657a47b0') in 0.050496 seconds 
========================================================================
Received Import Request.
  Time since last request: 0.000616 seconds.
  path: Assets/JMO Assets/Cartoon FX/Textures/CFX_T_Foam.png
  artifactKey: Guid(c4d5aed015bc1e74f8c8f6329edb4fbb) Importer(815301076,1909f56bfc062723c751e8b465ee728b)
Start importing Assets/JMO Assets/Cartoon FX/Textures/CFX_T_Foam.png using Guid(c4d5aed015bc1e74f8c8f6329edb4fbb) Importer(815301076,1909f56bfc062723c751e8b465ee728b)  -> (artifact id: '375549536a9a8db76d904ba009f9253c') in 0.045292 seconds 
========================================================================
Received Import Request.
  Time since last request: 0.000034 seconds.
  path: Assets/JMO Assets/Cartoon FX/Textures/CFX3_T_Leaf.tga
  artifactKey: Guid(5fdc25eb8487e2548bd4bc27b7d11789) Importer(815301076,1909f56bfc062723c751e8b465ee728b)
Start importing Assets/JMO Assets/Cartoon FX/Textures/CFX3_T_Leaf.tga using Guid(5fdc25eb8487e2548bd4bc27b7d11789) Importer(815301076,1909f56bfc062723c751e8b465ee728b)  -> (artifact id: '9857a9c76b952b097f85654c3520056d') in 0.035621 seconds 
========================================================================
Received Import Request.
  Time since last request: 0.000339 seconds.
  path: Assets/JMO Assets/Cartoon FX/Textures/CFX_T_Text_Poof.tga
  artifactKey: Guid(3d3ef8fe9d00bd54f9a3ff4932e9b8a2) Importer(815301076,1909f56bfc062723c751e8b465ee728b)
Start importing Assets/JMO Assets/Cartoon FX/Textures/CFX_T_Text_Poof.tga using Guid(3d3ef8fe9d00bd54f9a3ff4932e9b8a2) Importer(815301076,1909f56bfc062723c751e8b465ee728b)  -> (artifact id: '9ed0a8dc890e2fcc78b7edc4cca3ccba') in 0.042598 seconds 
========================================================================
Received Import Request.
  Time since last request: 0.000027 seconds.
  path: Assets/JMO Assets/Cartoon FX/Textures/CFX4_T_PowHit.png
  artifactKey: Guid(3736d3a30afdf1f4f8a5ba4e289720d3) Importer(815301076,1909f56bfc062723c751e8b465ee728b)
Start importing Assets/JMO Assets/Cartoon FX/Textures/CFX4_T_PowHit.png using Guid(3736d3a30afdf1f4f8a5ba4e289720d3) Importer(815301076,1909f56bfc062723c751e8b465ee728b)  -> (artifact id: 'ee57cda28c139ba692103de9285b3fb8') in 0.041140 seconds 
========================================================================
Received Import Request.
  Time since last request: 0.000097 seconds.
  path: Assets/JMO Assets/Cartoon FX/Textures/CFX_T_Anim7_Electricity.png
  artifactKey: Guid(67b0a4cd4c72b86469e7ca179598fcaf) Importer(815301076,1909f56bfc062723c751e8b465ee728b)
Start importing Assets/JMO Assets/Cartoon FX/Textures/CFX_T_Anim7_Electricity.png using Guid(67b0a4cd4c72b86469e7ca179598fcaf) Importer(815301076,1909f56bfc062723c751e8b465ee728b)  -> (artifact id: 'e2ec05f45324b3b984a6d9accdc07260') in 0.123234 seconds 
========================================================================
Received Import Request.
  Time since last request: 0.000054 seconds.
  path: Assets/JMO Assets/Cartoon FX/Textures/CFX_T_Splash_4Frames.png
  artifactKey: Guid(7756f8f5d53faa5418a5710442015153) Importer(815301076,1909f56bfc062723c751e8b465ee728b)
Start importing Assets/JMO Assets/Cartoon FX/Textures/CFX_T_Splash_4Frames.png using Guid(7756f8f5d53faa5418a5710442015153) Importer(815301076,1909f56bfc062723c751e8b465ee728b)  -> (artifact id: 'bc366730cced41d0b31262b2c28e7b2f') in 0.047056 seconds 
========================================================================
Received Import Request.
  Time since last request: 0.000024 seconds.
  path: Assets/JMO Assets/Cartoon FX/Textures/CFX_T_SpacedSpike.png
  artifactKey: Guid(ebbcc38b2a5a365429d42c1e4c7ebf21) Importer(815301076,1909f56bfc062723c751e8b465ee728b)
Start importing Assets/JMO Assets/Cartoon FX/Textures/CFX_T_SpacedSpike.png using Guid(ebbcc38b2a5a365429d42c1e4c7ebf21) Importer(815301076,1909f56bfc062723c751e8b465ee728b)  -> (artifact id: '64a1195b5b03171190a86e1574251ce0') in 0.042674 seconds 
Editor requested this worker to shutdown with reason: Scaling down because of idle timeout
AssetImportWorker is now disconnected from the server
Process exiting
Exiting without the bug reporter. Application will terminate with return code 0